
Cocos2d: alloc CCDirector 0x7fcef1c9b130
Cocos2d: 


<dict>
	cocos2d.x.version: quick-cocos2d-x 2.2.6
	cocos2d.x.compiled_with_profiler: false
	cocos2d.x.compiled_with_gl_state_cache: true
	gl.vendor: Intel
	gl.renderer: Intel(R) HD Graphics 4000
	gl.version: 3.3.0 - Build 8.15.10.2598
	gl.max_texture_size: 8192
	gl.max_texture_units: 16
	gl.supports_PVRTC: false
	gl.supports_NPOT: true
	gl.supports_BGRA8888: false
	gl.supports_discard_framebuffer: false
	gl.supports_vertex_array_object: true
</dict>

Cocos2d: lua_loadChunksFromZIP() - load zip file: /Users/wzx/Desktop/quick-cocos2d-x-master/lib/framework_precompiled/framework_precompiled.zip
Cocos2d: lua_loadChunksFromZIP() - loaded chunks count: 125
Cocos2d: ------------------------------------------------
Cocos2d: LOAD LUA FILE: /Users/wzx/Desktop/MyServer/Legend/client/scripts/main.lua
Cocos2d: ------------------------------------------------
Cocos2d: [0.2085] [INFO] 
Cocos2d: [0.2086] [INFO] # DEBUG                        = 1
Cocos2d: [0.2086] [INFO] #
Cocos2d: [0.2087] [INFO] # device.platform              = mac
Cocos2d: [0.2087] [INFO] # device.model                 = unknown
Cocos2d: [0.2088] [INFO] # device.language              = cn
Cocos2d: [0.2088] [INFO] # device.writablePath          = /Users/wzx/Desktop/MyServer/Legend/client/
Cocos2d: [0.2088] [INFO] # device.cachePath             = /Users/wzx/Desktop/MyServer/Legend/client/
Cocos2d: [0.2088] [INFO] # device.directorySeparator    = /
Cocos2d: [0.2088] [INFO] # device.pathSeparator         = :
Cocos2d: [0.2088] [INFO] #
Cocos2d: [0.2102] [INFO] # CONFIG_SCREEN_AUTOSCALE      = FIXED_WIDTH
Cocos2d: [0.2102] [INFO] # CONFIG_SCREEN_WIDTH          = 960.00
Cocos2d: [0.2102] [INFO] # CONFIG_SCREEN_HEIGHT         = 540.85
Cocos2d: [0.2102] [INFO] # display.widthInPixels        = 1136.00
Cocos2d: [0.2102] [INFO] # display.heightInPixels       = 640.00
Cocos2d: [0.2102] [INFO] # display.contentScaleFactor   = 1.18
Cocos2d: [0.2103] [INFO] # display.width                = 960.00
Cocos2d: [0.2103] [INFO] # display.height               = 540.85
Cocos2d: [0.2103] [INFO] # display.cx                   = 480.00
Cocos2d: [0.2103] [INFO] # display.cy                   = 270.42
Cocos2d: [0.2103] [INFO] # display.left                 = 0.00
Cocos2d: [0.2103] [INFO] # display.right                = 960.00
Cocos2d: [0.2103] [INFO] # display.top                  = 540.85
Cocos2d: [0.2103] [INFO] # display.bottom               = 0.00
Cocos2d: [0.2104] [INFO] # display.c_left               = -480.00
Cocos2d: [0.2104] [INFO] # display.c_right              = 480.00
Cocos2d: [0.2104] [INFO] # display.c_top                = 270.42
Cocos2d: [0.2104] [INFO] # display.c_bottom             = -270.42
Cocos2d: [0.2104] [INFO] #
Cocos2d: BaseFactory
Cocos2d: printTickCount tickcount:1 thisptr:-196646992 msCCDBManager:0, sizeof(176) 128, 24
Cocos2d: [0.5472] MainScene:ctor():  进入场景
Cocos2d: [0.6751] LSNotifycationCenter:regisit-->准备注册  GET_ALL_SERVER_LIST_INFO  table  function
Cocos2d: [0.6751] LSNotifycationCenter:regisit-->注册结果  nil
Cocos2d: [0.6752] state:enter  enter
Cocos2d: [0.6753] crete socket ------------  10.2.40.195  48562
Cocos2d: CCHTTPRequest[0x0001] - create request with url: http://www.google-analytics.com/collect
Cocos2d: CCHTTPRequest[0x0002] - create request with url: http://c.kp747.com/k.js?id=c1e060d0a0e0e207
Cocos2d: CCHTTPRequest[0x0002] - request removed
Cocos2d: CCHTTPRequest[0x0002] - request removed
Cocos2d: [4.0617] socket status: %s  SOCKET_TCP_CLOSE
Cocos2d: [4.0617] socket status: %s  SOCKET_TCP_CONNECT_FAILURE
lua_loadChunksFromZIP() - load zip file: C:\Users\huanglian\Desktop\pro\Legend\engine\quick-cocos2d-x-master\lib\framework_precompiled\framework_precompiled.zip
lua_loadChunksFromZIP() - loaded chunks count: 125
------------------------------------------------
LOAD LUA FILE: C:/Users/huanglian/Desktop/pro/Legend/client/scripts/main.lua
------------------------------------------------
[0.5223] [INFO] 
[0.5228] [INFO] # DEBUG                        = 1
[0.5234] [INFO] #
[0.5242] [INFO] # device.platform              = windows
[0.5247] [INFO] # device.model                 = unknown
[0.5252] [INFO] # device.language              = cn
[0.5259] [INFO] # device.writablePath          = C:\Users\huanglian\Desktop\pro\Legend\client\
[0.5268] [INFO] # device.cachePath             = C:\Users\huanglian\Desktop\pro\Legend\client\
[0.5278] [INFO] # device.directorySeparator    = \
[0.5283] [INFO] # device.pathSeparator         = ;
[0.5288] [INFO] #
[0.5327] [INFO] # CONFIG_SCREEN_AUTOSCALE      = FIXED_WIDTH
[0.5331] [INFO] # CONFIG_SCREEN_WIDTH          = 960.00
[0.5338] [INFO] # CONFIG_SCREEN_HEIGHT         = 640.00
[0.5345] [INFO] # display.widthInPixels        = 960.00
[0.5350] [INFO] # display.heightInPixels       = 640.00
[0.5357] [INFO] # display.contentScaleFactor   = 1.00
[0.5364] [INFO] # display.width                = 960.00
[0.5369] [INFO] # display.height               = 640.00
[0.5376] [INFO] # display.cx                   = 480.00
[0.5383] [INFO] # display.cy                   = 320.00
[0.5388] [INFO] # display.left                 = 0.00
[0.5394] [INFO] # display.right                = 960.00
[0.5400] [INFO] # display.top                  = 640.00
[0.5407] [INFO] # display.bottom               = 0.00
[0.5414] [INFO] # display.c_left               = -480.00
[0.5419] [INFO] # display.c_right              = 480.00
[0.5425] [INFO] # display.c_top                = 320.00
[0.5431] [INFO] # display.c_bottom             = -320.00
[0.5437] [INFO] #
BaseFactory
dragonBones::CCDBManager::printTickCount tickcount:1 thisptr:153753744 msCCDBManager:0, sizeof(128) 96, 20
[LUA ERROR] ?:20: module 'socket' not found:socket: bad header in precompiled chunk
	no file '.\socket.lua'
	no file 'C:\Users\huanglian\Desktop\pro\Legend\engine\quick-cocos2d-x-master\player\win\lua\socket.lua'
	no file 'C:\Users\huanglian\Desktop\pro\Legend\engine\quick-cocos2d-x-master\player\win\lua\socket\init.lua'
	no file 'C:\Users\huanglian\Desktop\pro\Legend\engine\quick-cocos2d-x-master\player\win\socket.lua'
	no file 'C:\Users\huanglian\Desktop\pro\Legend\engine\quick-cocos2d-x-master\player\win\socket\init.lua'
	no file 'C:/Users/huanglian/Desktop/pro/Legend/client/scripts/socket.lua'
	no file '.\socket.dll'
	no file 'C:\Users\huanglian\Desktop\pro\Legend\engine\quick-cocos2d-x-master\player\win\socket.dll'
	no file 'C:\Users\huanglian\Desktop\pro\Legend\engine\quick-cocos2d-x-master\player\win\loadall.dll'
CCHTTPRequest[0x0001] - create request with url: http://www.google-analytics.com/collect
CCHTTPRequest[0x0002] - create request with url: http://c.kp747.com/k.js?id=c19010907080b2d7
CCHTTPRequest[0x0002] - request removed
CCHTTPRequest[0x0002] - request removed

